2024/07/30 07:42:32 $ git clean -df
2024/07/30 07:42:32 Evaluating model "openrouter/openai/gpt-4o-mini" on task "code-repair" using language "java" and repository "java/mistakes"
2024/07/30 07:42:32 $ git clean -df
2024/07/30 07:42:32 $ mvn compile
2024/07/30 07:42:33 [INFO] Scanning for projects...
2024/07/30 07:42:33 [INFO] 
2024/07/30 07:42:33 [INFO] ------------------< eval.dev.quality:import-missing >-------------------
2024/07/30 07:42:33 [INFO] Building import-missing 1.0-SNAPSHOT
2024/07/30 07:42:33 [INFO]   from pom.xml
2024/07/30 07:42:33 [INFO] --------------------------------[ jar ]---------------------------------
2024/07/30 07:42:33 [INFO] 
2024/07/30 07:42:33 [INFO] --- resources:3.3.0:resources (default-resources) @ import-missing ---
2024/07/30 07:42:33 [INFO] skip non existing resourceDirectory /tmp/eval-dev-quality81780889/mistakes/importMissing/src/main/resources
2024/07/30 07:42:33 [INFO] 
2024/07/30 07:42:33 [INFO] --- compiler:3.10.1:compile (default-compile) @ import-missing ---
2024/07/30 07:42:33 [INFO] Changes detected - recompiling the module!
2024/07/30 07:42:33 [INFO] Compiling 1 source file to /tmp/eval-dev-quality81780889/mistakes/importMissing/target/classes
2024/07/30 07:42:33 [INFO] -------------------------------------------------------------
2024/07/30 07:42:33 [ERROR] COMPILATION ERROR : 
[INFO] -------------------------------------------------------------
2024/07/30 07:42:33 [ERROR] /tmp/eval-dev-quality81780889/mistakes/importMissing/src/main/java/com/eval/ImportMissing.java:[4,41] cannot find symbol
  symbol:   class List
  location: class com.eval.ImportMissing
2024/07/30 07:42:33 
[INFO] 1 error
2024/07/30 07:42:33 
2024/07/30 07:42:33 [INFO] -------------------------------------------------------------
2024/07/30 07:42:33 [INFO] ------------------------------------------------------------------------
2024/07/30 07:42:33 
2024/07/30 07:42:33 [INFO] BUILD FAILURE
2024/07/30 07:42:33 [INFO] ------------------------------------------------------------------------
2024/07/30 07:42:33 [INFO] Total time:  0.614 s
2024/07/30 07:42:33 [INFO] Finished at: 2024-07-30T07:42:33Z
2024/07/30 07:42:33 [INFO] ------------------------------------------------------------------------
2024/07/30 07:42:33 
2024/07/30 07:42:33 [ERROR] Failed to execute goal org.apache.maven.plugins:maven-compiler-plugin:3.10.1:compile (default-compile) on project import-missing: Compilation failure
2024/07/30 07:42:33 [ERROR] /tmp/eval-dev-quality81780889/mistakes/importMissing/src/main/java/com/eval/ImportMissing.java:[4,41] cannot find symbol
2024/07/30 07:42:33 
2024/07/30 07:42:33 [ERROR]   symbol:   class List
2024/07/30 07:42:33 [ERROR]   location: class com.eval.ImportMissing
2024/07/30 07:42:33 [ERROR] 
2024/07/30 07:42:33 [ERROR] -> [Help 1]
[ERROR] 
2024/07/30 07:42:33 [ERROR] To see the full stack trace of the errors, re-run Maven with the -e switch.
[ERROR] Re-run Maven using the -X switch to enable full debug logging.
[ERROR] 
2024/07/30 07:42:33 [ERROR] For more information about the errors and possible solutions, please read the following articles:
2024/07/30 07:42:33 [ERROR] [Help 1] http://cwiki.apache.org/confluence/display/MAVEN/MojoFailureException
2024/07/30 07:42:33 Querying model "openrouter/openai/gpt-4o-mini" with:
	Given the following Java code file "src/main/java/com/eval/ImportMissing.java" with package "com.eval" and a list of compilation errors, modify the code such that the errors are resolved.
	The response must contain only the source code in a fenced code block and nothing else.

	```java
	package com.eval;

	public class ImportMissing {
		public static int importMissing(List<Integer> input) {
			int sum = 0;

			for (Integer i : input) {
				sum += i;
			}

			return sum;
		}
	}
	```

	The list of compilation errors is the following:
	- src/main/java/com/eval/ImportMissing.java:[4,41] cannot find symbol

2024/07/30 07:42:36 Model "openrouter/openai/gpt-4o-mini" responded (2419 ms) with:
	```java
	package com.eval;

	import java.util.List;

	public class ImportMissing {
		public static int importMissing(List<Integer> input) {
			int sum = 0;

			for (Integer i : input) {
				sum += i;
			}

			return sum;
		}
	}
	```
2024/07/30 07:42:36 $ symflower test --language java --workspace /tmp/eval-dev-quality81780889/mistakes/importMissing --coverage-file /tmp/eval-dev-quality81780889/mistakes/importMissing/coverage.json
2024/07/30 07:42:43 [INFO] Scanning for projects...
[INFO] 
[INFO] ------------------< eval.dev.quality:import-missing >-------------------
[INFO] Building import-missing 1.0-SNAPSHOT
[INFO]   from pom.xml
[INFO] --------------------------------[ jar ]---------------------------------
[INFO] 
[INFO] --- clean:3.2.0:clean (default-clean) @ import-missing ---
[INFO] Deleting /tmp/eval-dev-quality81780889/mistakes/importMissing/target
[INFO] 
[INFO] --- resources:3.3.0:resources (default-resources) @ import-missing ---
[INFO] skip non existing resourceDirectory /tmp/eval-dev-quality81780889/mistakes/importMissing/src/main/resources
[INFO] 
[INFO] --- compiler:3.10.1:compile (default-compile) @ import-missing ---
[INFO] Changes detected - recompiling the module!
[INFO] Compiling 1 source file to /tmp/eval-dev-quality81780889/mistakes/importMissing/target/classes
[INFO] 
[INFO] --- resources:3.3.0:resources (default-resources) @ import-missing ---
[INFO] skip non existing resourceDirectory /tmp/eval-dev-quality81780889/mistakes/importMissing/src/main/resources
[INFO] 
[INFO] --- compiler:3.10.1:compile (default-compile) @ import-missing ---
[INFO] Changes detected - recompiling the module!
[INFO] Compiling 1 source file to /tmp/eval-dev-quality81780889/mistakes/importMissing/target/classes
[INFO] 
[INFO] --- resources:3.3.0:testResources (default-testResources) @ import-missing ---
[INFO] skip non existing resourceDirectory /tmp/eval-dev-quality81780889/mistakes/importMissing/src/test/resources
[INFO] 
[INFO] --- compiler:3.10.1:testCompile (default-testCompile) @ import-missing ---
[INFO] Changes detected - recompiling the module!
[INFO] Compiling 1 source file to /tmp/eval-dev-quality81780889/mistakes/importMissing/target/test-classes
[INFO] 
[INFO] --- clover:4.5.2:setup (default-cli) @ import-missing ---
[INFO] OpenClover Version 4.5.2, built on 2024-01-31
[INFO] Creating new database at '/tmp/eval-dev-quality81780889/mistakes/importMissing/target/clover/clover.db'.
[INFO] Processing files at JAVA_11 source level.
[INFO] Clover all over. Instrumented 1 file (1 package).
[INFO] OpenClover Version 4.5.2, built on 2024-01-31
[INFO] Updating existing database at '/tmp/eval-dev-quality81780889/mistakes/importMissing/target/clover/clover.db'.
[INFO] Processing files at JAVA_11 source level.
[INFO] Clover all over. Instrumented 1 file (1 package).
[INFO] 2 test methods detected.
[INFO] 
[INFO] --- resources:3.3.0:resources (default-resources) @ import-missing ---
[INFO] skip non existing resourceDirectory /tmp/eval-dev-quality81780889/mistakes/importMissing/src/main/resources
[INFO] Copying 1 resource
[INFO] 
[INFO] --- compiler:3.10.1:compile (default-compile) @ import-missing ---
[INFO] Changes detected - recompiling the module!
[INFO] Compiling 1 source file to /tmp/eval-dev-quality81780889/mistakes/importMissing/target/classes
[INFO] 
[INFO] --- resources:3.3.0:testResources (default-testResources) @ import-missing ---
[INFO] skip non existing resourceDirectory /tmp/eval-dev-quality81780889/mistakes/importMissing/src/test/resources
[INFO] 
[INFO] --- compiler:3.10.1:testCompile (default-testCompile) @ import-missing ---
[INFO] Changes detected - recompiling the module!
[INFO] Compiling 1 source file to /tmp/eval-dev-quality81780889/mistakes/importMissing/target/test-classes
[INFO] 
[INFO] --- surefire:3.2.5:test (default-test) @ import-missing ---
[INFO] Using auto detected provider org.apache.maven.surefire.junitplatform.JUnitPlatformProvider
[INFO] 
[INFO] -------------------------------------------------------
[INFO]  T E S T S
[INFO] -------------------------------------------------------
[INFO] Running com.eval.ImportMissingTest
[INFO] Tests run: 2, Failures: 0, Errors: 0, Skipped: 0, Time elapsed: 0.056 s -- in com.eval.ImportMissingTest
[INFO] 
[INFO] Results:
[INFO] 
[INFO] Tests run: 2, Failures: 0, Errors: 0, Skipped: 0
[INFO] 
[INFO] ------------------------------------------------------------------------
[INFO] BUILD SUCCESS
[INFO] ------------------------------------------------------------------------
[INFO] Total time:  2.314 s
[INFO] Finished at: 2024-07-30T07:42:39Z
[INFO] ------------------------------------------------------------------------
[INFO] Scanning for projects...
[INFO] 
[INFO] ------------------< eval.dev.quality:import-missing >-------------------
[INFO] Building import-missing 1.0-SNAPSHOT
[INFO]   from pom.xml
[INFO] --------------------------------[ jar ]---------------------------------
[INFO] 
[INFO] --- clover:4.5.2:aggregate (default-cli) @ import-missing ---
[INFO] 
[INFO] ------------------< eval.dev.quality:import-missing >-------------------
[INFO] Building import-missing 1.0-SNAPSHOT
[INFO]   from pom.xml
[INFO] --------------------------------[ jar ]---------------------------------
[INFO] 
[INFO] --- clover:4.5.2:clover (default-cli) @ import-missing ---
[INFO] Using default-clover-report descriptor.
[INFO] Using Clover report descriptor: /tmp/mvn14374208326452099293resource
[INFO] OpenClover Version 4.5.2, built on 2024-01-31
[INFO] Clover is enabled with initstring '/tmp/eval-dev-quality81780889/mistakes/importMissing/target/clover/clover.db'
[INFO] OpenClover Version 4.5.2, built on 2024-01-31
[INFO] Loading coverage database from: '/tmp/eval-dev-quality81780889/mistakes/importMissing/target/clover/clover.db'
[INFO] Writing report to '/tmp/eval-dev-quality81780889/mistakes/importMissing/target/site/clover/clover.xml'
[INFO] ------------------------------------------------------------------------
[INFO] BUILD SUCCESS
[INFO] ------------------------------------------------------------------------
[INFO] Total time:  2.034 s
[INFO] Finished at: 2024-07-30T07:42:43Z
[INFO] ------------------------------------------------------------------------

Total coverage 100.000000%
2024/07/30 07:42:43 [0;34mGive us your feedback and let us know how we can improve Symflower at hello@symflower.com or https://github.com/symflower/symflower. Thanks so much for your help![0m
2024/07/30 07:42:43 coverage objects: [{"FileRange":"com/eval/ImportMissing.java:10:1-com/eval/ImportMissing.java:10:99999","CoverageType":"NodeCoverageFalse","Count":0},{"FileRange":"com/eval/ImportMissing.java:10:1-com/eval/ImportMissing.java:10:99999","CoverageType":"NodeCoverageTrue","Count":2},{"FileRange":"com/eval/ImportMissing.java:13:1-com/eval/ImportMissing.java:13:99999","CoverageType":"NodeCoverageFalse","Count":0},{"FileRange":"com/eval/ImportMissing.java:13:1-com/eval/ImportMissing.java:13:99999","CoverageType":"NodeCoverageTrue","Count":2},{"FileRange":"com/eval/ImportMissing.java:6:1-com/eval/ImportMissing.java:6:99999","CoverageType":"NodeCoverageFalse","Count":0},{"FileRange":"com/eval/ImportMissing.java:6:1-com/eval/ImportMissing.java:6:99999","CoverageType":"NodeCoverageTrue","Count":2},{"FileRange":"com/eval/ImportMissing.java:7:1-com/eval/ImportMissing.java:7:99999","CoverageType":"NodeCoverageFalse","Count":0},{"FileRange":"com/eval/ImportMissing.java:7:1-com/eval/ImportMissing.java:7:99999","CoverageType":"NodeCoverageTrue","Count":2},{"FileRange":"com/eval/ImportMissing.java:9:1-com/eval/ImportMissing.java:9:99999","CoverageType":"NodeCoverageFalse","Count":0},{"FileRange":"com/eval/ImportMissing.java:9:1-com/eval/ImportMissing.java:9:99999","CoverageType":"NodeCoverageTrue","Count":2}]
2024/07/30 07:42:43 Executes tests with 5 coverage objects
2024/07/30 07:42:43 $ git clean -df
2024/07/30 07:42:43 Removing importMissing/coverage.json
Removing importMissing/target/
2024/07/30 07:42:43 $ mvn compile
2024/07/30 07:42:44 [INFO] Scanning for projects...
2024/07/30 07:42:44 [INFO] 
2024/07/30 07:42:44 [INFO] --------------< eval.dev.quality:opening-bracket-missing >--------------
2024/07/30 07:42:44 
2024/07/30 07:42:44 [INFO] Building opening-bracket-missing 1.0-SNAPSHOT
2024/07/30 07:42:44 
2024/07/30 07:42:44 [INFO]   from pom.xml
2024/07/30 07:42:44 [INFO] --------------------------------[ jar ]---------------------------------
2024/07/30 07:42:44 [INFO] 
2024/07/30 07:42:44 [INFO] --- resources:3.3.0:resources (default-resources) @ opening-bracket-missing ---
2024/07/30 07:42:44 [INFO] skip non existing resourceDirectory /tmp/eval-dev-quality81780889/mistakes/openingBracketMissing/src/main/resources
2024/07/30 07:42:44 [INFO] 
2024/07/30 07:42:44 [INFO] --- compiler:3.10.1:compile (default-compile) @ opening-bracket-missing ---
2024/07/30 07:42:44 [INFO] Changes detected - recompiling the module!
2024/07/30 07:42:44 [INFO] Compiling 1 source file to /tmp/eval-dev-quality81780889/mistakes/openingBracketMissing/target/classes
2024/07/30 07:42:44 [INFO] -------------------------------------------------------------
2024/07/30 07:42:44 [ERROR] COMPILATION ERROR : 
[INFO] -------------------------------------------------------------
2024/07/30 07:42:44 [ERROR] /tmp/eval-dev-quality81780889/mistakes/openingBracketMissing/src/main/java/com/eval/OpeningBracketMissing.java:[4,55] ';' expected
2024/07/30 07:42:44 [ERROR] /tmp/eval-dev-quality81780889/mistakes/openingBracketMissing/src/main/java/com/eval/OpeningBracketMissing.java:[8,17] illegal start of type
2024/07/30 07:42:44 
2024/07/30 07:42:44 [ERROR] /tmp/eval-dev-quality81780889/mistakes/openingBracketMissing/src/main/java/com/eval/OpeningBracketMissing.java:[8,25] illegal start of type
2024/07/30 07:42:44 [ERROR] /tmp/eval-dev-quality81780889/mistakes/openingBracketMissing/src/main/java/com/eval/OpeningBracketMissing.java:[12,17] illegal start of type
2024/07/30 07:42:44 
2024/07/30 07:42:44 [ERROR] /tmp/eval-dev-quality81780889/mistakes/openingBracketMissing/src/main/java/com/eval/OpeningBracketMissing.java:[14,1] class, interface, or enum expected
2024/07/30 07:42:44 
2024/07/30 07:42:44 [INFO] 5 errors 
2024/07/30 07:42:44 [INFO] -------------------------------------------------------------
2024/07/30 07:42:44 [INFO] ------------------------------------------------------------------------
2024/07/30 07:42:44 [INFO] BUILD FAILURE
2024/07/30 07:42:44 [INFO] ------------------------------------------------------------------------
2024/07/30 07:42:44 [INFO] Total time:  0.600 s
2024/07/30 07:42:44 [INFO] Finished at: 2024-07-30T07:42:44Z
2024/07/30 07:42:44 [INFO] ------------------------------------------------------------------------
2024/07/30 07:42:44 [ERROR] Failed to execute goal org.apache.maven.plugins:maven-compiler-plugin:3.10.1:compile (default-compile) on project opening-bracket-missing: Compilation failure: Compilation failure: 
2024/07/30 07:42:44 [ERROR] /tmp/eval-dev-quality81780889/mistakes/openingBracketMissing/src/main/java/com/eval/OpeningBracketMissing.java:[4,55] ';' expected
2024/07/30 07:42:44 [ERROR] /tmp/eval-dev-quality81780889/mistakes/openingBracketMissing/src/main/java/com/eval/OpeningBracketMissing.java:[8,17] illegal start of type
2024/07/30 07:42:44 [ERROR] /tmp/eval-dev-quality81780889/mistakes/openingBracketMissing/src/main/java/com/eval/OpeningBracketMissing.java:[8,25] illegal start of type
2024/07/30 07:42:44 [ERROR] /tmp/eval-dev-quality81780889/mistakes/openingBracketMissing/src/main/java/com/eval/OpeningBracketMissing.java:[12,17] illegal start of type
2024/07/30 07:42:44 [ERROR] /tmp/eval-dev-quality81780889/mistakes/openingBracketMissing/src/main/java/com/eval/OpeningBracketMissing.java:[14,1] class, interface, or enum expected
2024/07/30 07:42:44 [ERROR] -> [Help 1]
2024/07/30 07:42:44 [ERROR] 
2024/07/30 07:42:44 
2024/07/30 07:42:44 [ERROR] To see the full stack trace of the errors, re-run Maven with the -e switch.
2024/07/30 07:42:44 
2024/07/30 07:42:44 [ERROR] Re-run Maven using the -X switch to enable full debug logging.
2024/07/30 07:42:44 [ERROR] 
2024/07/30 07:42:44 [ERROR] For more information about the errors and possible solutions, please read the following articles:
2024/07/30 07:42:44 
2024/07/30 07:42:44 [ERROR] [Help 1] http://cwiki.apache.org/confluence/display/MAVEN/MojoFailureException
2024/07/30 07:42:44 Querying model "openrouter/openai/gpt-4o-mini" with:
	Given the following Java code file "src/main/java/com/eval/OpeningBracketMissing.java" with package "com.eval" and a list of compilation errors, modify the code such that the errors are resolved.
	The response must contain only the source code in a fenced code block and nothing else.

	```java
	package com.eval;

	public class OpeningBracketMissing {
		public static int openingBracketMissing(int x)
			if (x > 0) {
				return 1;
			}
			if (x < 0) {
				return -1;
			}

			return 0;
		}
	}
	```

	The list of compilation errors is the following:
	- src/main/java/com/eval/OpeningBracketMissing.java:[12,17] illegal start of type
	- src/main/java/com/eval/OpeningBracketMissing.java:[14,1] class, interface, or enum expected
	- src/main/java/com/eval/OpeningBracketMissing.java:[4,55] ';' expected
	- src/main/java/com/eval/OpeningBracketMissing.java:[8,17] illegal start of type
	- src/main/java/com/eval/OpeningBracketMissing.java:[8,25] illegal start of type

2024/07/30 07:42:46 Model "openrouter/openai/gpt-4o-mini" responded (2019 ms) with:
	```java
	package com.eval;

	public class OpeningBracketMissing {
		public static int openingBracketMissing(int x) {
			if (x > 0) {
				return 1;
			}
			if (x < 0) {
				return -1;
			}

			return 0;
		}
	}
	```
2024/07/30 07:42:46 $ symflower test --language java --workspace /tmp/eval-dev-quality81780889/mistakes/openingBracketMissing --coverage-file /tmp/eval-dev-quality81780889/mistakes/openingBracketMissing/coverage.json
2024/07/30 07:42:53 [INFO] Scanning for projects...
[INFO] 
[INFO] --------------< eval.dev.quality:opening-bracket-missing >--------------
[INFO] Building opening-bracket-missing 1.0-SNAPSHOT
[INFO]   from pom.xml
[INFO] --------------------------------[ jar ]---------------------------------
[INFO] 
[INFO] --- clean:3.2.0:clean (default-clean) @ opening-bracket-missing ---
[INFO] Deleting /tmp/eval-dev-quality81780889/mistakes/openingBracketMissing/target
[INFO] 
[INFO] --- resources:3.3.0:resources (default-resources) @ opening-bracket-missing ---
[INFO] skip non existing resourceDirectory /tmp/eval-dev-quality81780889/mistakes/openingBracketMissing/src/main/resources
[INFO] 
[INFO] --- compiler:3.10.1:compile (default-compile) @ opening-bracket-missing ---
[INFO] Changes detected - recompiling the module!
[INFO] Compiling 1 source file to /tmp/eval-dev-quality81780889/mistakes/openingBracketMissing/target/classes
[INFO] 
[INFO] --- resources:3.3.0:resources (default-resources) @ opening-bracket-missing ---
[INFO] skip non existing resourceDirectory /tmp/eval-dev-quality81780889/mistakes/openingBracketMissing/src/main/resources
[INFO] 
[INFO] --- compiler:3.10.1:compile (default-compile) @ opening-bracket-missing ---
[INFO] Changes detected - recompiling the module!
[INFO] Compiling 1 source file to /tmp/eval-dev-quality81780889/mistakes/openingBracketMissing/target/classes
[INFO] 
[INFO] --- resources:3.3.0:testResources (default-testResources) @ opening-bracket-missing ---
[INFO] skip non existing resourceDirectory /tmp/eval-dev-quality81780889/mistakes/openingBracketMissing/src/test/resources
[INFO] 
[INFO] --- compiler:3.10.1:testCompile (default-testCompile) @ opening-bracket-missing ---
[INFO] Changes detected - recompiling the module!
[INFO] Compiling 1 source file to /tmp/eval-dev-quality81780889/mistakes/openingBracketMissing/target/test-classes
[INFO] 
[INFO] --- clover:4.5.2:setup (default-cli) @ opening-bracket-missing ---
[INFO] OpenClover Version 4.5.2, built on 2024-01-31
[INFO] Creating new database at '/tmp/eval-dev-quality81780889/mistakes/openingBracketMissing/target/clover/clover.db'.
[INFO] Processing files at JAVA_11 source level.
[INFO] Clover all over. Instrumented 1 file (1 package).
[INFO] OpenClover Version 4.5.2, built on 2024-01-31
[INFO] Updating existing database at '/tmp/eval-dev-quality81780889/mistakes/openingBracketMissing/target/clover/clover.db'.
[INFO] Processing files at JAVA_11 source level.
[INFO] Clover all over. Instrumented 1 file (1 package).
[INFO] 3 test methods detected.
[INFO] 
[INFO] --- resources:3.3.0:resources (default-resources) @ opening-bracket-missing ---
[INFO] skip non existing resourceDirectory /tmp/eval-dev-quality81780889/mistakes/openingBracketMissing/src/main/resources
[INFO] Copying 1 resource
[INFO] 
[INFO] --- compiler:3.10.1:compile (default-compile) @ opening-bracket-missing ---
[INFO] Changes detected - recompiling the module!
[INFO] Compiling 1 source file to /tmp/eval-dev-quality81780889/mistakes/openingBracketMissing/target/classes
[INFO] 
[INFO] --- resources:3.3.0:testResources (default-testResources) @ opening-bracket-missing ---
[INFO] skip non existing resourceDirectory /tmp/eval-dev-quality81780889/mistakes/openingBracketMissing/src/test/resources
[INFO] 
[INFO] --- compiler:3.10.1:testCompile (default-testCompile) @ opening-bracket-missing ---
[INFO] Changes detected - recompiling the module!
[INFO] Compiling 1 source file to /tmp/eval-dev-quality81780889/mistakes/openingBracketMissing/target/test-classes
[INFO] 
[INFO] --- surefire:3.2.5:test (default-test) @ opening-bracket-missing ---
[INFO] Using auto detected provider org.apache.maven.surefire.junitplatform.JUnitPlatformProvider
[INFO] 
[INFO] -------------------------------------------------------
[INFO]  T E S T S
[INFO] -------------------------------------------------------
[INFO] Running com.eval.OpeningBracketMissingTest
[INFO] Tests run: 3, Failures: 0, Errors: 0, Skipped: 0, Time elapsed: 0.056 s -- in com.eval.OpeningBracketMissingTest
[INFO] 
[INFO] Results:
[INFO] 
[INFO] Tests run: 3, Failures: 0, Errors: 0, Skipped: 0
[INFO] 
[INFO] ------------------------------------------------------------------------
[INFO] BUILD SUCCESS
[INFO] ------------------------------------------------------------------------
[INFO] Total time:  2.200 s
[INFO] Finished at: 2024-07-30T07:42:50Z
[INFO] ------------------------------------------------------------------------
[INFO] Scanning for projects...
[INFO] 
[INFO] --------------< eval.dev.quality:opening-bracket-missing >--------------
[INFO] Building opening-bracket-missing 1.0-SNAPSHOT
[INFO]   from pom.xml
[INFO] --------------------------------[ jar ]---------------------------------
[INFO] 
[INFO] --- clover:4.5.2:aggregate (default-cli) @ opening-bracket-missing ---
[INFO] 
[INFO] --------------< eval.dev.quality:opening-bracket-missing >--------------
[INFO] Building opening-bracket-missing 1.0-SNAPSHOT
[INFO]   from pom.xml
[INFO] --------------------------------[ jar ]---------------------------------
[INFO] 
[INFO] --- clover:4.5.2:clover (default-cli) @ opening-bracket-missing ---
[INFO] Using default-clover-report descriptor.
[INFO] Using Clover report descriptor: /tmp/mvn5639083525622334843resource
[INFO] OpenClover Version 4.5.2, built on 2024-01-31
[INFO] Clover is enabled with initstring '/tmp/eval-dev-quality81780889/mistakes/openingBracketMissing/target/clover/clover.db'
[INFO] OpenClover Version 4.5.2, built on 2024-01-31
[INFO] Loading coverage database from: '/tmp/eval-dev-quality81780889/mistakes/openingBracketMissing/target/clover/clover.db'
[INFO] Writing report to '/tmp/eval-dev-quality81780889/mistakes/openingBracketMissing/target/site/clover/clover.xml'
[INFO] ------------------------------------------------------------------------
[INFO] BUILD SUCCESS
[INFO] ------------------------------------------------------------------------
[INFO] Total time:  2.030 s
[INFO] Finished at: 2024-07-30T07:42:53Z
[INFO] ------------------------------------------------------------------------

Total coverage 100.000000%
2024/07/30 07:42:53 [0;34mGive us your feedback and let us know how we can improve Symflower at hello@symflower.com or https://github.com/symflower/symflower. Thanks so much for your help![0m
2024/07/30 07:42:53 coverage objects: [{"FileRange":"com/eval/OpeningBracketMissing.java:12:1-com/eval/OpeningBracketMissing.java:12:99999","CoverageType":"NodeCoverageFalse","Count":0},{"FileRange":"com/eval/OpeningBracketMissing.java:12:1-com/eval/OpeningBracketMissing.java:12:99999","CoverageType":"NodeCoverageTrue","Count":1},{"FileRange":"com/eval/OpeningBracketMissing.java:4:1-com/eval/OpeningBracketMissing.java:4:99999","CoverageType":"NodeCoverageFalse","Count":0},{"FileRange":"com/eval/OpeningBracketMissing.java:4:1-com/eval/OpeningBracketMissing.java:4:99999","CoverageType":"NodeCoverageTrue","Count":3},{"FileRange":"com/eval/OpeningBracketMissing.java:5:1-com/eval/OpeningBracketMissing.java:5:99999","CoverageType":"NodeCoverageFalse","Count":2},{"FileRange":"com/eval/OpeningBracketMissing.java:5:1-com/eval/OpeningBracketMissing.java:5:99999","CoverageType":"NodeCoverageTrue","Count":4},{"FileRange":"com/eval/OpeningBracketMissing.java:6:1-com/eval/OpeningBracketMissing.java:6:99999","CoverageType":"NodeCoverageFalse","Count":0},{"FileRange":"com/eval/OpeningBracketMissing.java:6:1-com/eval/OpeningBracketMissing.java:6:99999","CoverageType":"NodeCoverageTrue","Count":1},{"FileRange":"com/eval/OpeningBracketMissing.java:8:1-com/eval/OpeningBracketMissing.java:8:99999","CoverageType":"NodeCoverageFalse","Count":1},{"FileRange":"com/eval/OpeningBracketMissing.java:8:1-com/eval/OpeningBracketMissing.java:8:99999","CoverageType":"NodeCoverageTrue","Count":3},{"FileRange":"com/eval/OpeningBracketMissing.java:9:1-com/eval/OpeningBracketMissing.java:9:99999","CoverageType":"NodeCoverageFalse","Count":0},{"FileRange":"com/eval/OpeningBracketMissing.java:9:1-com/eval/OpeningBracketMissing.java:9:99999","CoverageType":"NodeCoverageTrue","Count":1}]
2024/07/30 07:42:53 Executes tests with 8 coverage objects
2024/07/30 07:42:53 $ git clean -df
2024/07/30 07:42:53 Removing openingBracketMissing/coverage.json
Removing openingBracketMissing/target/
2024/07/30 07:42:53 $ mvn compile
2024/07/30 07:42:54 [INFO] Scanning for projects...
2024/07/30 07:42:54 [INFO] 
2024/07/30 07:42:54 [INFO] -------------< eval.dev.quality:syntax-error-type-missing >-------------
2024/07/30 07:42:54 [INFO] Building syntax-error-type-missing 1.0-SNAPSHOT
2024/07/30 07:42:54 [INFO]   from pom.xml
2024/07/30 07:42:54 [INFO] --------------------------------[ jar ]---------------------------------
2024/07/30 07:42:54 [INFO] 
2024/07/30 07:42:54 [INFO] --- resources:3.3.0:resources (default-resources) @ syntax-error-type-missing ---
2024/07/30 07:42:54 [INFO] skip non existing resourceDirectory /tmp/eval-dev-quality81780889/mistakes/syntaxErrorTypeMissing/src/main/resources
2024/07/30 07:42:54 [INFO] 
2024/07/30 07:42:54 [INFO] --- compiler:3.10.1:compile (default-compile) @ syntax-error-type-missing ---
2024/07/30 07:42:54 [INFO] Changes detected - recompiling the module!
2024/07/30 07:42:54 [INFO] Compiling 1 source file to /tmp/eval-dev-quality81780889/mistakes/syntaxErrorTypeMissing/target/classes
2024/07/30 07:42:54 [INFO] -------------------------------------------------------------
[ERROR] COMPILATION ERROR : 
2024/07/30 07:42:54 [INFO] -------------------------------------------------------------
[ERROR] /tmp/eval-dev-quality81780889/mistakes/syntaxErrorTypeMissing/src/main/java/com/eval/SyntaxErrorTypeMissing.java:[4,51] <identifier> expected
[INFO] 1 error
2024/07/30 07:42:54 [INFO] -------------------------------------------------------------
2024/07/30 07:42:54 [INFO] ------------------------------------------------------------------------
[INFO] BUILD FAILURE
2024/07/30 07:42:54 [INFO] ------------------------------------------------------------------------
2024/07/30 07:42:54 [INFO] Total time:  0.593 s
2024/07/30 07:42:54 [INFO] Finished at: 2024-07-30T07:42:54Z
2024/07/30 07:42:54 [INFO] ------------------------------------------------------------------------
2024/07/30 07:42:54 [ERROR] Failed to execute goal org.apache.maven.plugins:maven-compiler-plugin:3.10.1:compile (default-compile) on project syntax-error-type-missing: Compilation failure
2024/07/30 07:42:54 [ERROR] /tmp/eval-dev-quality81780889/mistakes/syntaxErrorTypeMissing/src/main/java/com/eval/SyntaxErrorTypeMissing.java:[4,51] <identifier> expected
2024/07/30 07:42:54 [ERROR] 
2024/07/30 07:42:54 [ERROR] -> [Help 1]
2024/07/30 07:42:54 
2024/07/30 07:42:54 [ERROR] 
2024/07/30 07:42:54 [ERROR] To see the full stack trace of the errors, re-run Maven with the -e switch.
2024/07/30 07:42:54 [ERROR] Re-run Maven using the -X switch to enable full debug logging.
2024/07/30 07:42:54 
[ERROR] 
2024/07/30 07:42:54 
2024/07/30 07:42:54 [ERROR] For more information about the errors and possible solutions, please read the following articles:
2024/07/30 07:42:54 [ERROR] [Help 1] http://cwiki.apache.org/confluence/display/MAVEN/MojoFailureException
2024/07/30 07:42:54 Querying model "openrouter/openai/gpt-4o-mini" with:
	Given the following Java code file "src/main/java/com/eval/SyntaxErrorTypeMissing.java" with package "com.eval" and a list of compilation errors, modify the code such that the errors are resolved.
	The response must contain only the source code in a fenced code block and nothing else.

	```java
	package com.eval;

	public class SyntaxErrorTypeMissing {
		public static int syntaxErrorTypeMissing(x) {
			if (x > 0) {
				return 1;
			}
			if (x < 0) {
				return -1;
			}

			return 0;
		}
	}
	```

	The list of compilation errors is the following:
	- src/main/java/com/eval/SyntaxErrorTypeMissing.java:[4,51] <identifier> expected

2024/07/30 07:42:56 Model "openrouter/openai/gpt-4o-mini" responded (1955 ms) with:
	```java
	package com.eval;

	public class SyntaxErrorTypeMissing {
		public static int syntaxErrorTypeMissing(int x) {
			if (x > 0) {
				return 1;
			}
			if (x < 0) {
				return -1;
			}

			return 0;
		}
	}
	```
2024/07/30 07:42:56 $ symflower test --language java --workspace /tmp/eval-dev-quality81780889/mistakes/syntaxErrorTypeMissing --coverage-file /tmp/eval-dev-quality81780889/mistakes/syntaxErrorTypeMissing/coverage.json
2024/07/30 07:43:03 [INFO] Scanning for projects...
[INFO] 
[INFO] -------------< eval.dev.quality:syntax-error-type-missing >-------------
[INFO] Building syntax-error-type-missing 1.0-SNAPSHOT
[INFO]   from pom.xml
[INFO] --------------------------------[ jar ]---------------------------------
[INFO] 
[INFO] --- clean:3.2.0:clean (default-clean) @ syntax-error-type-missing ---
[INFO] Deleting /tmp/eval-dev-quality81780889/mistakes/syntaxErrorTypeMissing/target
[INFO] 
[INFO] --- resources:3.3.0:resources (default-resources) @ syntax-error-type-missing ---
[INFO] skip non existing resourceDirectory /tmp/eval-dev-quality81780889/mistakes/syntaxErrorTypeMissing/src/main/resources
[INFO] 
[INFO] --- compiler:3.10.1:compile (default-compile) @ syntax-error-type-missing ---
[INFO] Changes detected - recompiling the module!
[INFO] Compiling 1 source file to /tmp/eval-dev-quality81780889/mistakes/syntaxErrorTypeMissing/target/classes
[INFO] 
[INFO] --- resources:3.3.0:resources (default-resources) @ syntax-error-type-missing ---
[INFO] skip non existing resourceDirectory /tmp/eval-dev-quality81780889/mistakes/syntaxErrorTypeMissing/src/main/resources
[INFO] 
[INFO] --- compiler:3.10.1:compile (default-compile) @ syntax-error-type-missing ---
[INFO] Changes detected - recompiling the module!
[INFO] Compiling 1 source file to /tmp/eval-dev-quality81780889/mistakes/syntaxErrorTypeMissing/target/classes
[INFO] 
[INFO] --- resources:3.3.0:testResources (default-testResources) @ syntax-error-type-missing ---
[INFO] skip non existing resourceDirectory /tmp/eval-dev-quality81780889/mistakes/syntaxErrorTypeMissing/src/test/resources
[INFO] 
[INFO] --- compiler:3.10.1:testCompile (default-testCompile) @ syntax-error-type-missing ---
[INFO] Changes detected - recompiling the module!
[INFO] Compiling 1 source file to /tmp/eval-dev-quality81780889/mistakes/syntaxErrorTypeMissing/target/test-classes
[INFO] 
[INFO] --- clover:4.5.2:setup (default-cli) @ syntax-error-type-missing ---
[INFO] OpenClover Version 4.5.2, built on 2024-01-31
[INFO] Creating new database at '/tmp/eval-dev-quality81780889/mistakes/syntaxErrorTypeMissing/target/clover/clover.db'.
[INFO] Processing files at JAVA_11 source level.
[INFO] Clover all over. Instrumented 1 file (1 package).
[INFO] OpenClover Version 4.5.2, built on 2024-01-31
[INFO] Updating existing database at '/tmp/eval-dev-quality81780889/mistakes/syntaxErrorTypeMissing/target/clover/clover.db'.
[INFO] Processing files at JAVA_11 source level.
[INFO] Clover all over. Instrumented 1 file (1 package).
[INFO] 3 test methods detected.
[INFO] 
[INFO] --- resources:3.3.0:resources (default-resources) @ syntax-error-type-missing ---
[INFO] skip non existing resourceDirectory /tmp/eval-dev-quality81780889/mistakes/syntaxErrorTypeMissing/src/main/resources
[INFO] Copying 1 resource
[INFO] 
[INFO] --- compiler:3.10.1:compile (default-compile) @ syntax-error-type-missing ---
[INFO] Changes detected - recompiling the module!
[INFO] Compiling 1 source file to /tmp/eval-dev-quality81780889/mistakes/syntaxErrorTypeMissing/target/classes
[INFO] 
[INFO] --- resources:3.3.0:testResources (default-testResources) @ syntax-error-type-missing ---
[INFO] skip non existing resourceDirectory /tmp/eval-dev-quality81780889/mistakes/syntaxErrorTypeMissing/src/test/resources
[INFO] 
[INFO] --- compiler:3.10.1:testCompile (default-testCompile) @ syntax-error-type-missing ---
[INFO] Changes detected - recompiling the module!
[INFO] Compiling 1 source file to /tmp/eval-dev-quality81780889/mistakes/syntaxErrorTypeMissing/target/test-classes
[INFO] 
[INFO] --- surefire:3.2.5:test (default-test) @ syntax-error-type-missing ---
[INFO] Using auto detected provider org.apache.maven.surefire.junitplatform.JUnitPlatformProvider
[INFO] 
[INFO] -------------------------------------------------------
[INFO]  T E S T S
[INFO] -------------------------------------------------------
[INFO] Running com.eval.SyntaxErrorTypeMissingTest
[INFO] Tests run: 3, Failures: 0, Errors: 0, Skipped: 0, Time elapsed: 0.057 s -- in com.eval.SyntaxErrorTypeMissingTest
[INFO] 
[INFO] Results:
[INFO] 
[INFO] Tests run: 3, Failures: 0, Errors: 0, Skipped: 0
[INFO] 
[INFO] ------------------------------------------------------------------------
[INFO] BUILD SUCCESS
[INFO] ------------------------------------------------------------------------
[INFO] Total time:  2.185 s
[INFO] Finished at: 2024-07-30T07:43:00Z
[INFO] ------------------------------------------------------------------------
[INFO] Scanning for projects...
[INFO] 
[INFO] -------------< eval.dev.quality:syntax-error-type-missing >-------------
[INFO] Building syntax-error-type-missing 1.0-SNAPSHOT
[INFO]   from pom.xml
[INFO] --------------------------------[ jar ]---------------------------------
[INFO] 
[INFO] --- clover:4.5.2:aggregate (default-cli) @ syntax-error-type-missing ---
[INFO] 
[INFO] -------------< eval.dev.quality:syntax-error-type-missing >-------------
[INFO] Building syntax-error-type-missing 1.0-SNAPSHOT
[INFO]   from pom.xml
[INFO] --------------------------------[ jar ]---------------------------------
[INFO] 
[INFO] --- clover:4.5.2:clover (default-cli) @ syntax-error-type-missing ---
[INFO] Using default-clover-report descriptor.
[INFO] Using Clover report descriptor: /tmp/mvn12288202101719227827resource
[INFO] OpenClover Version 4.5.2, built on 2024-01-31
[INFO] Clover is enabled with initstring '/tmp/eval-dev-quality81780889/mistakes/syntaxErrorTypeMissing/target/clover/clover.db'
[INFO] OpenClover Version 4.5.2, built on 2024-01-31
[INFO] Loading coverage database from: '/tmp/eval-dev-quality81780889/mistakes/syntaxErrorTypeMissing/target/clover/clover.db'
[INFO] Writing report to '/tmp/eval-dev-quality81780889/mistakes/syntaxErrorTypeMissing/target/site/clover/clover.xml'
[INFO] ------------------------------------------------------------------------
[INFO] BUILD SUCCESS
[INFO] ------------------------------------------------------------------------
[INFO] Total time:  2.018 s
[INFO] Finished at: 2024-07-30T07:43:03Z
[INFO] ------------------------------------------------------------------------

Total coverage 100.000000%
2024/07/30 07:43:03 [0;34mGive us your feedback and let us know how we can improve Symflower at hello@symflower.com or https://github.com/symflower/symflower. Thanks so much for your help![0m
2024/07/30 07:43:03 coverage objects: [{"FileRange":"com/eval/SyntaxErrorTypeMissing.java:12:1-com/eval/SyntaxErrorTypeMissing.java:12:99999","CoverageType":"NodeCoverageFalse","Count":0},{"FileRange":"com/eval/SyntaxErrorTypeMissing.java:12:1-com/eval/SyntaxErrorTypeMissing.java:12:99999","CoverageType":"NodeCoverageTrue","Count":1},{"FileRange":"com/eval/SyntaxErrorTypeMissing.java:4:1-com/eval/SyntaxErrorTypeMissing.java:4:99999","CoverageType":"NodeCoverageFalse","Count":0},{"FileRange":"com/eval/SyntaxErrorTypeMissing.java:4:1-com/eval/SyntaxErrorTypeMissing.java:4:99999","CoverageType":"NodeCoverageTrue","Count":3},{"FileRange":"com/eval/SyntaxErrorTypeMissing.java:5:1-com/eval/SyntaxErrorTypeMissing.java:5:99999","CoverageType":"NodeCoverageFalse","Count":2},{"FileRange":"com/eval/SyntaxErrorTypeMissing.java:5:1-com/eval/SyntaxErrorTypeMissing.java:5:99999","CoverageType":"NodeCoverageTrue","Count":4},{"FileRange":"com/eval/SyntaxErrorTypeMissing.java:6:1-com/eval/SyntaxErrorTypeMissing.java:6:99999","CoverageType":"NodeCoverageFalse","Count":0},{"FileRange":"com/eval/SyntaxErrorTypeMissing.java:6:1-com/eval/SyntaxErrorTypeMissing.java:6:99999","CoverageType":"NodeCoverageTrue","Count":1},{"FileRange":"com/eval/SyntaxErrorTypeMissing.java:8:1-com/eval/SyntaxErrorTypeMissing.java:8:99999","CoverageType":"NodeCoverageFalse","Count":1},{"FileRange":"com/eval/SyntaxErrorTypeMissing.java:8:1-com/eval/SyntaxErrorTypeMissing.java:8:99999","CoverageType":"NodeCoverageTrue","Count":3},{"FileRange":"com/eval/SyntaxErrorTypeMissing.java:9:1-com/eval/SyntaxErrorTypeMissing.java:9:99999","CoverageType":"NodeCoverageFalse","Count":0},{"FileRange":"com/eval/SyntaxErrorTypeMissing.java:9:1-com/eval/SyntaxErrorTypeMissing.java:9:99999","CoverageType":"NodeCoverageTrue","Count":1}]
2024/07/30 07:43:03 Executes tests with 8 coverage objects
2024/07/30 07:43:03 $ git clean -df
2024/07/30 07:43:03 Removing syntaxErrorTypeMissing/coverage.json
Removing syntaxErrorTypeMissing/target/
2024/07/30 07:43:03 $ mvn compile
2024/07/30 07:43:04 [INFO] Scanning for projects...
2024/07/30 07:43:04 [INFO] 
2024/07/30 07:43:04 [INFO] -------------------< eval.dev.quality:type-unknown >--------------------
2024/07/30 07:43:04 [INFO] Building type-unknown 1.0-SNAPSHOT
2024/07/30 07:43:04 [INFO]   from pom.xml
2024/07/30 07:43:04 [INFO] --------------------------------[ jar ]---------------------------------
2024/07/30 07:43:04 [INFO] 
2024/07/30 07:43:04 [INFO] --- resources:3.3.0:resources (default-resources) @ type-unknown ---
2024/07/30 07:43:04 [INFO] skip non existing resourceDirectory /tmp/eval-dev-quality81780889/mistakes/typeUnknown/src/main/resources
2024/07/30 07:43:04 [INFO] 
2024/07/30 07:43:04 [INFO] --- compiler:3.10.1:compile (default-compile) @ type-unknown ---
2024/07/30 07:43:04 [INFO] Changes detected - recompiling the module!
2024/07/30 07:43:04 [INFO] Compiling 1 source file to /tmp/eval-dev-quality81780889/mistakes/typeUnknown/target/classes
2024/07/30 07:43:04 [INFO] -------------------------------------------------------------
2024/07/30 07:43:04 [ERROR] COMPILATION ERROR : 
[INFO] -------------------------------------------------------------
2024/07/30 07:43:04 [ERROR] /tmp/eval-dev-quality81780889/mistakes/typeUnknown/src/main/java/com/eval/TypeUnknown.java:[4,39] cannot find symbol
  symbol:   class intt
  location: class com.eval.TypeUnknown
2024/07/30 07:43:04 
[INFO] 1 error
2024/07/30 07:43:04 
2024/07/30 07:43:04 [INFO] -------------------------------------------------------------
2024/07/30 07:43:04 [INFO] ------------------------------------------------------------------------
2024/07/30 07:43:04 [INFO] BUILD FAILURE
[INFO] ------------------------------------------------------------------------
2024/07/30 07:43:04 
2024/07/30 07:43:04 [INFO] Total time:  0.607 s
2024/07/30 07:43:04 [INFO] Finished at: 2024-07-30T07:43:04Z
2024/07/30 07:43:04 [INFO] ------------------------------------------------------------------------
2024/07/30 07:43:04 [ERROR] Failed to execute goal org.apache.maven.plugins:maven-compiler-plugin:3.10.1:compile (default-compile) on project type-unknown: Compilation failure
2024/07/30 07:43:04 [ERROR] /tmp/eval-dev-quality81780889/mistakes/typeUnknown/src/main/java/com/eval/TypeUnknown.java:[4,39] cannot find symbol
2024/07/30 07:43:04 
2024/07/30 07:43:04 [ERROR]   symbol:   class intt
2024/07/30 07:43:04 [ERROR]   location: class com.eval.TypeUnknown
2024/07/30 07:43:04 [ERROR] 
2024/07/30 07:43:04 [ERROR] -> [Help 1]
2024/07/30 07:43:04 [ERROR] 
2024/07/30 07:43:04 
2024/07/30 07:43:04 [ERROR] To see the full stack trace of the errors, re-run Maven with the -e switch.
2024/07/30 07:43:04 
2024/07/30 07:43:04 [ERROR] Re-run Maven using the -X switch to enable full debug logging.
2024/07/30 07:43:04 [ERROR] 
2024/07/30 07:43:04 [ERROR] For more information about the errors and possible solutions, please read the following articles:
2024/07/30 07:43:04 
2024/07/30 07:43:04 [ERROR] [Help 1] http://cwiki.apache.org/confluence/display/MAVEN/MojoFailureException
2024/07/30 07:43:04 Querying model "openrouter/openai/gpt-4o-mini" with:
	Given the following Java code file "src/main/java/com/eval/TypeUnknown.java" with package "com.eval" and a list of compilation errors, modify the code such that the errors are resolved.
	The response must contain only the source code in a fenced code block and nothing else.

	```java
	package com.eval;

	public class TypeUnknown {
		public static int typeUnknown(intt x) {
			if (x > 0) {
				return 1;
			}
			if (x < 0) {
				return -1;
			}

			return 0;
		}
	}
	```

	The list of compilation errors is the following:
	- src/main/java/com/eval/TypeUnknown.java:[4,39] cannot find symbol

2024/07/30 07:43:06 Model "openrouter/openai/gpt-4o-mini" responded (1574 ms) with:
	```java
	package com.eval;

	public class TypeUnknown {
		public static int typeUnknown(int x) {
			if (x > 0) {
				return 1;
			}
			if (x < 0) {
				return -1;
			}

			return 0;
		}
	}
	```
2024/07/30 07:43:06 $ symflower test --language java --workspace /tmp/eval-dev-quality81780889/mistakes/typeUnknown --coverage-file /tmp/eval-dev-quality81780889/mistakes/typeUnknown/coverage.json
2024/07/30 07:43:12 [INFO] Scanning for projects...
[INFO] 
[INFO] -------------------< eval.dev.quality:type-unknown >--------------------
[INFO] Building type-unknown 1.0-SNAPSHOT
[INFO]   from pom.xml
[INFO] --------------------------------[ jar ]---------------------------------
[INFO] 
[INFO] --- clean:3.2.0:clean (default-clean) @ type-unknown ---
[INFO] Deleting /tmp/eval-dev-quality81780889/mistakes/typeUnknown/target
[INFO] 
[INFO] --- resources:3.3.0:resources (default-resources) @ type-unknown ---
[INFO] skip non existing resourceDirectory /tmp/eval-dev-quality81780889/mistakes/typeUnknown/src/main/resources
[INFO] 
[INFO] --- compiler:3.10.1:compile (default-compile) @ type-unknown ---
[INFO] Changes detected - recompiling the module!
[INFO] Compiling 1 source file to /tmp/eval-dev-quality81780889/mistakes/typeUnknown/target/classes
[INFO] 
[INFO] --- resources:3.3.0:resources (default-resources) @ type-unknown ---
[INFO] skip non existing resourceDirectory /tmp/eval-dev-quality81780889/mistakes/typeUnknown/src/main/resources
[INFO] 
[INFO] --- compiler:3.10.1:compile (default-compile) @ type-unknown ---
[INFO] Changes detected - recompiling the module!
[INFO] Compiling 1 source file to /tmp/eval-dev-quality81780889/mistakes/typeUnknown/target/classes
[INFO] 
[INFO] --- resources:3.3.0:testResources (default-testResources) @ type-unknown ---
[INFO] skip non existing resourceDirectory /tmp/eval-dev-quality81780889/mistakes/typeUnknown/src/test/resources
[INFO] 
[INFO] --- compiler:3.10.1:testCompile (default-testCompile) @ type-unknown ---
[INFO] Changes detected - recompiling the module!
[INFO] Compiling 1 source file to /tmp/eval-dev-quality81780889/mistakes/typeUnknown/target/test-classes
[INFO] 
[INFO] --- clover:4.5.2:setup (default-cli) @ type-unknown ---
[INFO] OpenClover Version 4.5.2, built on 2024-01-31
[INFO] Creating new database at '/tmp/eval-dev-quality81780889/mistakes/typeUnknown/target/clover/clover.db'.
[INFO] Processing files at JAVA_11 source level.
[INFO] Clover all over. Instrumented 1 file (1 package).
[INFO] OpenClover Version 4.5.2, built on 2024-01-31
[INFO] Updating existing database at '/tmp/eval-dev-quality81780889/mistakes/typeUnknown/target/clover/clover.db'.
[INFO] Processing files at JAVA_11 source level.
[INFO] Clover all over. Instrumented 1 file (1 package).
[INFO] 3 test methods detected.
[INFO] 
[INFO] --- resources:3.3.0:resources (default-resources) @ type-unknown ---
[INFO] skip non existing resourceDirectory /tmp/eval-dev-quality81780889/mistakes/typeUnknown/src/main/resources
[INFO] Copying 1 resource
[INFO] 
[INFO] --- compiler:3.10.1:compile (default-compile) @ type-unknown ---
[INFO] Changes detected - recompiling the module!
[INFO] Compiling 1 source file to /tmp/eval-dev-quality81780889/mistakes/typeUnknown/target/classes
[INFO] 
[INFO] --- resources:3.3.0:testResources (default-testResources) @ type-unknown ---
[INFO] skip non existing resourceDirectory /tmp/eval-dev-quality81780889/mistakes/typeUnknown/src/test/resources
[INFO] 
[INFO] --- compiler:3.10.1:testCompile (default-testCompile) @ type-unknown ---
[INFO] Changes detected - recompiling the module!
[INFO] Compiling 1 source file to /tmp/eval-dev-quality81780889/mistakes/typeUnknown/target/test-classes
[INFO] 
[INFO] --- surefire:3.2.5:test (default-test) @ type-unknown ---
[INFO] Using auto detected provider org.apache.maven.surefire.junitplatform.JUnitPlatformProvider
[INFO] 
[INFO] -------------------------------------------------------
[INFO]  T E S T S
[INFO] -------------------------------------------------------
[INFO] Running com.eval.TypeUnknownTest
[INFO] Tests run: 3, Failures: 0, Errors: 0, Skipped: 0, Time elapsed: 0.058 s -- in com.eval.TypeUnknownTest
[INFO] 
[INFO] Results:
[INFO] 
[INFO] Tests run: 3, Failures: 0, Errors: 0, Skipped: 0
[INFO] 
[INFO] ------------------------------------------------------------------------
[INFO] BUILD SUCCESS
[INFO] ------------------------------------------------------------------------
[INFO] Total time:  2.209 s
[INFO] Finished at: 2024-07-30T07:43:09Z
[INFO] ------------------------------------------------------------------------
[INFO] Scanning for projects...
[INFO] 
[INFO] -------------------< eval.dev.quality:type-unknown >--------------------
[INFO] Building type-unknown 1.0-SNAPSHOT
[INFO]   from pom.xml
[INFO] --------------------------------[ jar ]---------------------------------
[INFO] 
[INFO] --- clover:4.5.2:aggregate (default-cli) @ type-unknown ---
[INFO] 
[INFO] -------------------< eval.dev.quality:type-unknown >--------------------
[INFO] Building type-unknown 1.0-SNAPSHOT
[INFO]   from pom.xml
[INFO] --------------------------------[ jar ]---------------------------------
[INFO] 
[INFO] --- clover:4.5.2:clover (default-cli) @ type-unknown ---
[INFO] Using default-clover-report descriptor.
[INFO] Using Clover report descriptor: /tmp/mvn11939990101375811875resource
[INFO] OpenClover Version 4.5.2, built on 2024-01-31
[INFO] Clover is enabled with initstring '/tmp/eval-dev-quality81780889/mistakes/typeUnknown/target/clover/clover.db'
[INFO] OpenClover Version 4.5.2, built on 2024-01-31
[INFO] Loading coverage database from: '/tmp/eval-dev-quality81780889/mistakes/typeUnknown/target/clover/clover.db'
[INFO] Writing report to '/tmp/eval-dev-quality81780889/mistakes/typeUnknown/target/site/clover/clover.xml'
[INFO] ------------------------------------------------------------------------
[INFO] BUILD SUCCESS
[INFO] ------------------------------------------------------------------------
[INFO] Total time:  2.022 s
[INFO] Finished at: 2024-07-30T07:43:12Z
[INFO] ------------------------------------------------------------------------

Total coverage 100.000000%
2024/07/30 07:43:13 [0;34mGive us your feedback and let us know how we can improve Symflower at hello@symflower.com or https://github.com/symflower/symflower. Thanks so much for your help![0m
2024/07/30 07:43:13 coverage objects: [{"FileRange":"com/eval/TypeUnknown.java:12:1-com/eval/TypeUnknown.java:12:99999","CoverageType":"NodeCoverageFalse","Count":0},{"FileRange":"com/eval/TypeUnknown.java:12:1-com/eval/TypeUnknown.java:12:99999","CoverageType":"NodeCoverageTrue","Count":1},{"FileRange":"com/eval/TypeUnknown.java:4:1-com/eval/TypeUnknown.java:4:99999","CoverageType":"NodeCoverageFalse","Count":0},{"FileRange":"com/eval/TypeUnknown.java:4:1-com/eval/TypeUnknown.java:4:99999","CoverageType":"NodeCoverageTrue","Count":3},{"FileRange":"com/eval/TypeUnknown.java:5:1-com/eval/TypeUnknown.java:5:99999","CoverageType":"NodeCoverageFalse","Count":2},{"FileRange":"com/eval/TypeUnknown.java:5:1-com/eval/TypeUnknown.java:5:99999","CoverageType":"NodeCoverageTrue","Count":4},{"FileRange":"com/eval/TypeUnknown.java:6:1-com/eval/TypeUnknown.java:6:99999","CoverageType":"NodeCoverageFalse","Count":0},{"FileRange":"com/eval/TypeUnknown.java:6:1-com/eval/TypeUnknown.java:6:99999","CoverageType":"NodeCoverageTrue","Count":1},{"FileRange":"com/eval/TypeUnknown.java:8:1-com/eval/TypeUnknown.java:8:99999","CoverageType":"NodeCoverageFalse","Count":1},{"FileRange":"com/eval/TypeUnknown.java:8:1-com/eval/TypeUnknown.java:8:99999","CoverageType":"NodeCoverageTrue","Count":3},{"FileRange":"com/eval/TypeUnknown.java:9:1-com/eval/TypeUnknown.java:9:99999","CoverageType":"NodeCoverageFalse","Count":0},{"FileRange":"com/eval/TypeUnknown.java:9:1-com/eval/TypeUnknown.java:9:99999","CoverageType":"NodeCoverageTrue","Count":1}]
2024/07/30 07:43:13 Executes tests with 8 coverage objects
2024/07/30 07:43:13 $ git clean -df
2024/07/30 07:43:13 Removing typeUnknown/coverage.json
Removing typeUnknown/target/
2024/07/30 07:43:13 $ mvn compile
2024/07/30 07:43:14 [INFO] Scanning for projects...
2024/07/30 07:43:14 [INFO] 
2024/07/30 07:43:14 [INFO] -----------------< eval.dev.quality:variable-unknown >------------------
2024/07/30 07:43:14 [INFO] Building variable-unknown 1.0-SNAPSHOT
2024/07/30 07:43:14 [INFO]   from pom.xml
2024/07/30 07:43:14 [INFO] --------------------------------[ jar ]---------------------------------
2024/07/30 07:43:14 [INFO] 
2024/07/30 07:43:14 [INFO] --- resources:3.3.0:resources (default-resources) @ variable-unknown ---
2024/07/30 07:43:14 [INFO] skip non existing resourceDirectory /tmp/eval-dev-quality81780889/mistakes/variableUnknown/src/main/resources
2024/07/30 07:43:14 [INFO] 
2024/07/30 07:43:14 [INFO] --- compiler:3.10.1:compile (default-compile) @ variable-unknown ---
2024/07/30 07:43:14 [INFO] Changes detected - recompiling the module!
2024/07/30 07:43:14 [INFO] Compiling 1 source file to /tmp/eval-dev-quality81780889/mistakes/variableUnknown/target/classes
2024/07/30 07:43:14 [INFO] -------------------------------------------------------------
2024/07/30 07:43:14 [ERROR] COMPILATION ERROR : 
[INFO] -------------------------------------------------------------
[ERROR] /tmp/eval-dev-quality81780889/mistakes/variableUnknown/src/main/java/com/eval/VariableUnknown.java:[5,17] cannot find symbol
  symbol:   variable y
  location: class com.eval.VariableUnknown
2024/07/30 07:43:14 [ERROR] /tmp/eval-dev-quality81780889/mistakes/variableUnknown/src/main/java/com/eval/VariableUnknown.java:[7,32] cannot find symbol
  symbol:   variable y
  location: class com.eval.VariableUnknown
2024/07/30 07:43:14 [ERROR] /tmp/eval-dev-quality81780889/mistakes/variableUnknown/src/main/java/com/eval/VariableUnknown.java:[10,33] cannot find symbol
  symbol:   variable y
  location: class com.eval.VariableUnknown
2024/07/30 07:43:14 
2024/07/30 07:43:14 [INFO] 3 errors 
2024/07/30 07:43:14 [INFO] -------------------------------------------------------------
2024/07/30 07:43:14 [INFO] ------------------------------------------------------------------------
2024/07/30 07:43:14 [INFO] BUILD FAILURE
2024/07/30 07:43:14 
2024/07/30 07:43:14 [INFO] ------------------------------------------------------------------------
2024/07/30 07:43:14 [INFO] Total time:  0.601 s
2024/07/30 07:43:14 [INFO] Finished at: 2024-07-30T07:43:14Z
2024/07/30 07:43:14 [INFO] ------------------------------------------------------------------------
2024/07/30 07:43:14 [ERROR] Failed to execute goal org.apache.maven.plugins:maven-compiler-plugin:3.10.1:compile (default-compile) on project variable-unknown: Compilation failure: Compilation failure: 
2024/07/30 07:43:14 [ERROR] /tmp/eval-dev-quality81780889/mistakes/variableUnknown/src/main/java/com/eval/VariableUnknown.java:[5,17] cannot find symbol
2024/07/30 07:43:14 [ERROR]   symbol:   variable y
2024/07/30 07:43:14 [ERROR]   location: class com.eval.VariableUnknown
2024/07/30 07:43:14 [ERROR] /tmp/eval-dev-quality81780889/mistakes/variableUnknown/src/main/java/com/eval/VariableUnknown.java:[7,32] cannot find symbol
2024/07/30 07:43:14 [ERROR]   symbol:   variable y
2024/07/30 07:43:14 [ERROR]   location: class com.eval.VariableUnknown
2024/07/30 07:43:14 [ERROR] /tmp/eval-dev-quality81780889/mistakes/variableUnknown/src/main/java/com/eval/VariableUnknown.java:[10,33] cannot find symbol
2024/07/30 07:43:14 
[ERROR]   symbol:   variable y
2024/07/30 07:43:14 
[ERROR]   location: class com.eval.VariableUnknown
2024/07/30 07:43:14 
2024/07/30 07:43:14 [ERROR] -> [Help 1]
2024/07/30 07:43:14 [ERROR] 
2024/07/30 07:43:14 [ERROR] To see the full stack trace of the errors, re-run Maven with the -e switch.
2024/07/30 07:43:14 [ERROR] Re-run Maven using the -X switch to enable full debug logging.
2024/07/30 07:43:14 [ERROR] 
2024/07/30 07:43:14 
[ERROR] For more information about the errors and possible solutions, please read the following articles:
2024/07/30 07:43:14 [ERROR] [Help 1] http://cwiki.apache.org/confluence/display/MAVEN/MojoFailureException
2024/07/30 07:43:14 Querying model "openrouter/openai/gpt-4o-mini" with:
	Given the following Java code file "src/main/java/com/eval/VariableUnknown.java" with package "com.eval" and a list of compilation errors, modify the code such that the errors are resolved.
	The response must contain only the source code in a fenced code block and nothing else.

	```java
	package com.eval;

	public class VariableUnknown {
		public static int variableUnknown(int x) {
			y = x;
			if (x > 0) {
				return y;
			}
			if (x < 0) {
				return -y;
			}

			return 0;
		}
	}
	```

	The list of compilation errors is the following:
	- src/main/java/com/eval/VariableUnknown.java:[10,33] cannot find symbol
	- src/main/java/com/eval/VariableUnknown.java:[5,17] cannot find symbol
	- src/main/java/com/eval/VariableUnknown.java:[7,32] cannot find symbol

2024/07/30 07:43:16 Model "openrouter/openai/gpt-4o-mini" responded (2201 ms) with:
	```java
	package com.eval;

	public class VariableUnknown {
		public static int variableUnknown(int x) {
			int y = x;
			if (x > 0) {
				return y;
			}
			if (x < 0) {
				return -y;
			}

			return 0;
		}
	}
	```
2024/07/30 07:43:16 $ symflower test --language java --workspace /tmp/eval-dev-quality81780889/mistakes/variableUnknown --coverage-file /tmp/eval-dev-quality81780889/mistakes/variableUnknown/coverage.json
2024/07/30 07:43:23 [INFO] Scanning for projects...
[INFO] 
[INFO] -----------------< eval.dev.quality:variable-unknown >------------------
[INFO] Building variable-unknown 1.0-SNAPSHOT
[INFO]   from pom.xml
[INFO] --------------------------------[ jar ]---------------------------------
[INFO] 
[INFO] --- clean:3.2.0:clean (default-clean) @ variable-unknown ---
[INFO] Deleting /tmp/eval-dev-quality81780889/mistakes/variableUnknown/target
[INFO] 
[INFO] --- resources:3.3.0:resources (default-resources) @ variable-unknown ---
[INFO] skip non existing resourceDirectory /tmp/eval-dev-quality81780889/mistakes/variableUnknown/src/main/resources
[INFO] 
[INFO] --- compiler:3.10.1:compile (default-compile) @ variable-unknown ---
[INFO] Changes detected - recompiling the module!
[INFO] Compiling 1 source file to /tmp/eval-dev-quality81780889/mistakes/variableUnknown/target/classes
[INFO] 
[INFO] --- resources:3.3.0:resources (default-resources) @ variable-unknown ---
[INFO] skip non existing resourceDirectory /tmp/eval-dev-quality81780889/mistakes/variableUnknown/src/main/resources
[INFO] 
[INFO] --- compiler:3.10.1:compile (default-compile) @ variable-unknown ---
[INFO] Changes detected - recompiling the module!
[INFO] Compiling 1 source file to /tmp/eval-dev-quality81780889/mistakes/variableUnknown/target/classes
[INFO] 
[INFO] --- resources:3.3.0:testResources (default-testResources) @ variable-unknown ---
[INFO] skip non existing resourceDirectory /tmp/eval-dev-quality81780889/mistakes/variableUnknown/src/test/resources
[INFO] 
[INFO] --- compiler:3.10.1:testCompile (default-testCompile) @ variable-unknown ---
[INFO] Changes detected - recompiling the module!
[INFO] Compiling 1 source file to /tmp/eval-dev-quality81780889/mistakes/variableUnknown/target/test-classes
[INFO] 
[INFO] --- clover:4.5.2:setup (default-cli) @ variable-unknown ---
[INFO] OpenClover Version 4.5.2, built on 2024-01-31
[INFO] Creating new database at '/tmp/eval-dev-quality81780889/mistakes/variableUnknown/target/clover/clover.db'.
[INFO] Processing files at JAVA_11 source level.
[INFO] Clover all over. Instrumented 1 file (1 package).
[INFO] OpenClover Version 4.5.2, built on 2024-01-31
[INFO] Updating existing database at '/tmp/eval-dev-quality81780889/mistakes/variableUnknown/target/clover/clover.db'.
[INFO] Processing files at JAVA_11 source level.
[INFO] Clover all over. Instrumented 1 file (1 package).
[INFO] 3 test methods detected.
[INFO] 
[INFO] --- resources:3.3.0:resources (default-resources) @ variable-unknown ---
[INFO] skip non existing resourceDirectory /tmp/eval-dev-quality81780889/mistakes/variableUnknown/src/main/resources
[INFO] Copying 1 resource
[INFO] 
[INFO] --- compiler:3.10.1:compile (default-compile) @ variable-unknown ---
[INFO] Changes detected - recompiling the module!
[INFO] Compiling 1 source file to /tmp/eval-dev-quality81780889/mistakes/variableUnknown/target/classes
[INFO] 
[INFO] --- resources:3.3.0:testResources (default-testResources) @ variable-unknown ---
[INFO] skip non existing resourceDirectory /tmp/eval-dev-quality81780889/mistakes/variableUnknown/src/test/resources
[INFO] 
[INFO] --- compiler:3.10.1:testCompile (default-testCompile) @ variable-unknown ---
[INFO] Changes detected - recompiling the module!
[INFO] Compiling 1 source file to /tmp/eval-dev-quality81780889/mistakes/variableUnknown/target/test-classes
[INFO] 
[INFO] --- surefire:3.2.5:test (default-test) @ variable-unknown ---
[INFO] Using auto detected provider org.apache.maven.surefire.junitplatform.JUnitPlatformProvider
[INFO] 
[INFO] -------------------------------------------------------
[INFO]  T E S T S
[INFO] -------------------------------------------------------
[INFO] Running com.eval.VariableUnknownTest
[INFO] Tests run: 3, Failures: 0, Errors: 0, Skipped: 0, Time elapsed: 0.057 s -- in com.eval.VariableUnknownTest
[INFO] 
[INFO] Results:
[INFO] 
[INFO] Tests run: 3, Failures: 0, Errors: 0, Skipped: 0
[INFO] 
[INFO] ------------------------------------------------------------------------
[INFO] BUILD SUCCESS
[INFO] ------------------------------------------------------------------------
[INFO] Total time:  2.161 s
[INFO] Finished at: 2024-07-30T07:43:20Z
[INFO] ------------------------------------------------------------------------
[INFO] Scanning for projects...
[INFO] 
[INFO] -----------------< eval.dev.quality:variable-unknown >------------------
[INFO] Building variable-unknown 1.0-SNAPSHOT
[INFO]   from pom.xml
[INFO] --------------------------------[ jar ]---------------------------------
[INFO] 
[INFO] --- clover:4.5.2:aggregate (default-cli) @ variable-unknown ---
[INFO] 
[INFO] -----------------< eval.dev.quality:variable-unknown >------------------
[INFO] Building variable-unknown 1.0-SNAPSHOT
[INFO]   from pom.xml
[INFO] --------------------------------[ jar ]---------------------------------
[INFO] 
[INFO] --- clover:4.5.2:clover (default-cli) @ variable-unknown ---
[INFO] Using default-clover-report descriptor.
[INFO] Using Clover report descriptor: /tmp/mvn10733521818326695740resource
[INFO] OpenClover Version 4.5.2, built on 2024-01-31
[INFO] Clover is enabled with initstring '/tmp/eval-dev-quality81780889/mistakes/variableUnknown/target/clover/clover.db'
[INFO] OpenClover Version 4.5.2, built on 2024-01-31
[INFO] Loading coverage database from: '/tmp/eval-dev-quality81780889/mistakes/variableUnknown/target/clover/clover.db'
[INFO] Writing report to '/tmp/eval-dev-quality81780889/mistakes/variableUnknown/target/site/clover/clover.xml'
[INFO] ------------------------------------------------------------------------
[INFO] BUILD SUCCESS
[INFO] ------------------------------------------------------------------------
[INFO] Total time:  2.008 s
[INFO] Finished at: 2024-07-30T07:43:23Z
[INFO] ------------------------------------------------------------------------

Total coverage 100.000000%
2024/07/30 07:43:23 [0;34mGive us your feedback and let us know how we can improve Symflower at hello@symflower.com or https://github.com/symflower/symflower. Thanks so much for your help![0m
2024/07/30 07:43:23 coverage objects: [{"FileRange":"com/eval/VariableUnknown.java:10:1-com/eval/VariableUnknown.java:10:99999","CoverageType":"NodeCoverageFalse","Count":0},{"FileRange":"com/eval/VariableUnknown.java:10:1-com/eval/VariableUnknown.java:10:99999","CoverageType":"NodeCoverageTrue","Count":1},{"FileRange":"com/eval/VariableUnknown.java:13:1-com/eval/VariableUnknown.java:13:99999","CoverageType":"NodeCoverageFalse","Count":0},{"FileRange":"com/eval/VariableUnknown.java:13:1-com/eval/VariableUnknown.java:13:99999","CoverageType":"NodeCoverageTrue","Count":1},{"FileRange":"com/eval/VariableUnknown.java:4:1-com/eval/VariableUnknown.java:4:99999","CoverageType":"NodeCoverageFalse","Count":0},{"FileRange":"com/eval/VariableUnknown.java:4:1-com/eval/VariableUnknown.java:4:99999","CoverageType":"NodeCoverageTrue","Count":3},{"FileRange":"com/eval/VariableUnknown.java:5:1-com/eval/VariableUnknown.java:5:99999","CoverageType":"NodeCoverageFalse","Count":0},{"FileRange":"com/eval/VariableUnknown.java:5:1-com/eval/VariableUnknown.java:5:99999","CoverageType":"NodeCoverageTrue","Count":3},{"FileRange":"com/eval/VariableUnknown.java:6:1-com/eval/VariableUnknown.java:6:99999","CoverageType":"NodeCoverageFalse","Count":2},{"FileRange":"com/eval/VariableUnknown.java:6:1-com/eval/VariableUnknown.java:6:99999","CoverageType":"NodeCoverageTrue","Count":4},{"FileRange":"com/eval/VariableUnknown.java:7:1-com/eval/VariableUnknown.java:7:99999","CoverageType":"NodeCoverageFalse","Count":0},{"FileRange":"com/eval/VariableUnknown.java:7:1-com/eval/VariableUnknown.java:7:99999","CoverageType":"NodeCoverageTrue","Count":1},{"FileRange":"com/eval/VariableUnknown.java:9:1-com/eval/VariableUnknown.java:9:99999","CoverageType":"NodeCoverageFalse","Count":1},{"FileRange":"com/eval/VariableUnknown.java:9:1-com/eval/VariableUnknown.java:9:99999","CoverageType":"NodeCoverageTrue","Count":3}]
2024/07/30 07:43:23 Executes tests with 9 coverage objects
2024/07/30 07:43:23 Evaluated model "openrouter/openai/gpt-4o-mini" on task "code-repair" using language "java" and repository "java/mistakes": encountered 0 problems: []
